[2021-02-27 14:37:30.498]: entering -- org.netbeans.installer.Installer.main():61
[2021-02-27 14:37:30.502]: initializing the installer engine
[2021-02-27 14:37:30.502]:     entering -- org.netbeans.installer.Installer.<init>():96
[2021-02-27 14:37:30.502]:     ... initializing ErrorHandler
[2021-02-27 14:37:30.502]:     ... end of ErrorHandler initialization
[2021-02-27 14:37:30.502]:     exiting -- org.netbeans.installer.Installer.<init>():96
[2021-02-27 14:37:30.502]:     entering -- org.netbeans.installer.Installer.<init>():97
[2021-02-27 14:37:30.502]:     dumping target system information
[2021-02-27 14:37:30.502]:         system properties:
[2021-02-27 14:37:30.506]:             awt.toolkit => sun.awt.windows.WToolkit
[2021-02-27 14:37:30.506]:             file.encoding => Cp1252
[2021-02-27 14:37:30.506]:             file.separator => \
[2021-02-27 14:37:30.506]:             java.awt.graphicsenv => sun.awt.Win32GraphicsEnvironment
[2021-02-27 14:37:30.506]:             java.awt.printerjob => sun.awt.windows.WPrinterJob
[2021-02-27 14:37:30.506]:             java.class.path => C:\Users\negis\AppData\Local\Temp\\NBI97767.tmp\bundle.jar
[2021-02-27 14:37:30.506]:             java.class.version => 55.0
[2021-02-27 14:37:30.506]:             java.home => C:\Program Files\Java\jdk-11.0.10
[2021-02-27 14:37:30.506]:             java.io.tmpdir => C:\Users\negis\AppData\Local\Temp\
[2021-02-27 14:37:30.506]:             java.library.path => C:\Program Files\Java\jdk-11.0.10\bin;C:\Windows\Sun\Java\bin;C:\Windows\system32;C:\Windows;C:\Program Files\Common Files\Oracle\Java\javapath;C:\Windows\system32;C:\Windows;C:\Windows\System32\Wbem;C:\Windows\System32\WindowsPowerShell\v1.0\;C:\Windows\System32\OpenSSH\;C:\Program Files\NVIDIA Corporation\NVIDIA NvDLISR;C:\Program Files\Git\cmd;C:\Program Files (x86)\NVIDIA Corporation\PhysX\Common;C:\Program Files\Java\jdk-11.0.10\bin;C:\Users\negis\AppData\Local\Programs\Python\Python39\Scripts\;C:\Users\negis\AppData\Local\Programs\Python\Python39\;C:\Users\negis\AppData\Local\Microsoft\WindowsApps;C:\Users\negis\AppData\Local\GitHubDesktop\bin;.
[2021-02-27 14:37:30.506]:             java.runtime.name => Java(TM) SE Runtime Environment
[2021-02-27 14:37:30.506]:             java.runtime.version => 11.0.10+8-LTS-162
[2021-02-27 14:37:30.506]:             java.specification.name => Java Platform API Specification
[2021-02-27 14:37:30.506]:             java.specification.vendor => Oracle Corporation
[2021-02-27 14:37:30.506]:             java.specification.version => 11
[2021-02-27 14:37:30.506]:             java.vendor => Oracle Corporation
[2021-02-27 14:37:30.506]:             java.vendor.url => https://openjdk.java.net/
[2021-02-27 14:37:30.506]:             java.vendor.url.bug => https://bugreport.java.com/bugreport/
[2021-02-27 14:37:30.506]:             java.vendor.version => 18.9
[2021-02-27 14:37:30.506]:             java.version => 11.0.10
[2021-02-27 14:37:30.506]:             java.version.date => 2021-01-19
[2021-02-27 14:37:30.506]:             java.vm.compressedOopsMode => Zero based
[2021-02-27 14:37:30.506]:             java.vm.info => mixed mode
[2021-02-27 14:37:30.506]:             java.vm.name => Java HotSpot(TM) 64-Bit Server VM
[2021-02-27 14:37:30.506]:             java.vm.specification.name => Java Virtual Machine Specification
[2021-02-27 14:37:30.506]:             java.vm.specification.vendor => Oracle Corporation
[2021-02-27 14:37:30.506]:             java.vm.specification.version => 11
[2021-02-27 14:37:30.506]:             java.vm.vendor => Oracle Corporation
[2021-02-27 14:37:30.506]:             java.vm.version => 11.0.10+8-LTS-162
[2021-02-27 14:37:30.506]:             jdk.debug => release
[2021-02-27 14:37:30.506]:             line.separator => 
[2021-02-27 14:37:30.506]:             netbeans.default_cachedir_root => C:\Users\negis\AppData\Local\NetBeans\Cache
[2021-02-27 14:37:30.506]:             netbeans.default_userdir_root => C:\Users\negis\AppData\Roaming\NetBeans
[2021-02-27 14:37:30.506]:             os.arch => amd64
[2021-02-27 14:37:30.506]:             os.name => Windows 10
[2021-02-27 14:37:30.506]:             os.version => 10.0
[2021-02-27 14:37:30.506]:             path.separator => ;
[2021-02-27 14:37:30.506]:             sun.arch.data.model => 64
[2021-02-27 14:37:30.506]:             sun.boot.library.path => C:\Program Files\Java\jdk-11.0.10\bin
[2021-02-27 14:37:30.506]:             sun.cpu.endian => little
[2021-02-27 14:37:30.510]:             sun.cpu.isalist => amd64
[2021-02-27 14:37:30.510]:             sun.desktop => windows
[2021-02-27 14:37:30.510]:             sun.io.unicode.encoding => UnicodeLittle
[2021-02-27 14:37:30.510]:             sun.java.command => org.netbeans.installer.Installer
[2021-02-27 14:37:30.510]:             sun.java.launcher => SUN_STANDARD
[2021-02-27 14:37:30.510]:             sun.jnu.encoding => Cp1252
[2021-02-27 14:37:30.510]:             sun.management.compiler => HotSpot 64-Bit Tiered Compilers
[2021-02-27 14:37:30.510]:             sun.os.patch.level => 
[2021-02-27 14:37:30.510]:             user.country => IN
[2021-02-27 14:37:30.510]:             user.dir => C:\Users\negis\Downloads
[2021-02-27 14:37:30.510]:             user.home => C:\Users\negis
[2021-02-27 14:37:30.510]:             user.language => en
[2021-02-27 14:37:30.510]:             user.name => negis
[2021-02-27 14:37:30.510]:             user.script => 
[2021-02-27 14:37:30.510]:             user.timezone => America/New_York
[2021-02-27 14:37:30.510]:             user.variant => 
[2021-02-27 14:37:30.510]:     ... end of target system information
[2021-02-27 14:37:30.510]:     exiting -- org.netbeans.installer.Installer.<init>():97
[2021-02-27 14:37:30.558]:     loading jni library
[2021-02-27 14:37:30.562]:         library resource path: native/jnilib/windows/windows-x64.dll
[2021-02-27 14:37:30.810]:         library file path: C:\Users\negis\AppData\Local\Temp\nbi-1912379933082892106.tmp
[2021-02-27 14:37:30.822]:         ... successfully loaded the library
[2021-02-27 14:37:30.822]:     entering -- org.netbeans.installer.Installer.<init>():102
[2021-02-27 14:37:30.822]:     parsing command-line arguments
[2021-02-27 14:37:30.826]:         ... no command line arguments were specified
[2021-02-27 14:37:30.826]:     ... finished parsing command line arguments
[2021-02-27 14:37:30.826]:     exiting -- org.netbeans.installer.Installer.<init>():102
[2021-02-27 14:37:30.826]:     entering -- org.netbeans.installer.Installer.<init>():103
[2021-02-27 14:37:30.826]:     loading engine properties
[2021-02-27 14:37:30.826]:         loading engine properties
[2021-02-27 14:37:30.830]:             loading nbi.wizard.ui.swing.frame.width.default => 600
[2021-02-27 14:37:30.830]:             loading nbi.wizard.ui.swing.frame.width.gtk => 704
[2021-02-27 14:37:30.830]:             loading nbi.wizard.ui.swing.frame.head.right.image => resource:org/netbeans/installer/wizard/wizard-description-background.png
[2021-02-27 14:37:30.830]:             loading nbi.wizard.ui.swing.frame.minimum.width.nimbus => 624
[2021-02-27 14:37:30.830]:             loading nbi.wizard.ui.swing.frame.minimum.height.win.xp => 450
[2021-02-27 14:37:30.830]:             loading nbi.wizard.ui.swing.frame.minimum.height.nimbus => 512
[2021-02-27 14:37:30.830]:             loading nbi.wizard.ui.swing.frame.title.prefix => Apache NetBeans IDE Installer
[2021-02-27 14:37:30.830]:             loading nbi.wizard.ui.swing.frame.width.nimbus => 624
[2021-02-27 14:37:30.830]:             loading nbi.wizard.ui.swing.frame.width.win.xp => 600
[2021-02-27 14:37:30.830]:             loading nbi.overall.license.jdk5.resource => org/netbeans/installer/product/components/netbeans-license-jdk5.txt
[2021-02-27 14:37:30.830]:             loading nbi.wizard.ui.swing.frame.minimum.height.win.classic => 442
[2021-02-27 14:37:30.830]:             loading nbi.overall.license.jtb.resource => org/netbeans/installer/product/components/netbeans-license-jtb.txt
[2021-02-27 14:37:30.830]:             loading nbi.wizard.ui.swing.frame.minimum.width.default => 600
[2021-02-27 14:37:30.830]:             loading nbi.wizard.ui.swing.frame.height.motif => 470
[2021-02-27 14:37:30.830]:             loading nbi.wizard.ui.swing.frame.height.aqua => 480
[2021-02-27 14:37:30.830]:             loading nbi.wizard.ui.swing.frame.minimum.width.win.xp => 600
[2021-02-27 14:37:30.830]:             loading nbi.wizard.ui.swing.frame.minimum.height.aqua => 480
[2021-02-27 14:37:30.830]:             loading nbi.overall.license.jdk6.resource => org/netbeans/installer/product/components/netbeans-license-jdk6.txt
[2021-02-27 14:37:30.830]:             loading nbi.wizard.ui.swing.frame.minimum.height.default => 500
[2021-02-27 14:37:30.830]:             loading nbi.product.suggest.install => true
[2021-02-27 14:37:30.830]:             loading nbi.overall.license.mysql.resource => org/netbeans/installer/product/components/netbeans-license-mysql.txt
[2021-02-27 14:37:30.834]:             loading nbi.wizard.ui.swing.frame.icon => resource:org/netbeans/installer/wizard/wizard-icon.png
[2021-02-27 14:37:30.834]:             loading nbi.wizard.ui.swing.frame.minimum.height.gtk => 528
[2021-02-27 14:37:30.834]:             loading nbi.wizard.ui.swing.frame.width.aqua => 640
[2021-02-27 14:37:30.834]:             loading nbi.wizard.ui.swing.frame.minimum.height.motif => 470
[2021-02-27 14:37:30.834]:             loading nbi.wizard.ui.swing.frame.width.motif => 624
[2021-02-27 14:37:30.834]:             loading nbi.product.remove.corrupted.products.silently => true
[2021-02-27 14:37:30.834]:             loading nbi.wizard.ui.swing.frame.minimum.width.win.classic => 588
[2021-02-27 14:37:30.834]:             loading nbi.wizard.ui.swing.welcome.left.bottom.image => resource:org/netbeans/installer/wizard/components/panels/netbeans/resources/welcome-left-bottom.png
[2021-02-27 14:37:30.834]:             loading nbi.overall.license.resource => org/netbeans/installer/product/components/netbeans-license.txt
[2021-02-27 14:37:30.834]:             loading nbi.macosx.application.directory.name => NetBeans IDE Installer
[2021-02-27 14:37:30.834]:             loading nbi.wizard.ui.swing.frame.height.gtk => 528
[2021-02-27 14:37:30.834]:             loading nbi.wizard.ui.swing.frame.minimum.width.metal => 624
[2021-02-27 14:37:30.834]:             loading nbi.wizard.ui.swing.frame.minimum.width.motif => 624
[2021-02-27 14:37:30.834]:             loading nbi.wizard.ui.swing.frame.height.metal => 470
[2021-02-27 14:37:30.834]:             loading nbi.wizard.ui.swing.frame.minimum.width.gtk => 704
[2021-02-27 14:37:30.834]:             loading nbi.junit.license.resource => org/netbeans/installer/product/components/junit-license.txt
[2021-02-27 14:37:30.834]:             loading nbi.wizard.ui.swing.frame.width.metal => 624
[2021-02-27 14:37:30.834]:             loading nbi.wizard.ui.swing.frame.height.win.classic => 442
[2021-02-27 14:37:30.834]:             loading nbi.wizard.ui.swing.frame.height.win.xp => 450
[2021-02-27 14:37:30.834]:             loading nbi.wizard.ui.swing.frame.height.default => 500
[2021-02-27 14:37:30.834]:             loading nbi.wizard.ui.swing.frame.height.nimbus => 512
[2021-02-27 14:37:30.834]:             loading nbi.overall.license.javafx.resource => org/netbeans/installer/product/components/netbeans-license-javafx.txt
[2021-02-27 14:37:30.834]:             loading nbi.wizard.ui.swing.frame.width.win.classic => 588
[2021-02-27 14:37:30.834]:             loading nbi.wizard.ui.swing.frame.title.pattern => {0}
[2021-02-27 14:37:30.834]:             loading nbi.wizard.ui.swing.frame.minimum.width.aqua => 640
[2021-02-27 14:37:30.834]:             loading nbi.wizard.ui.swing.frame.minimum.height.metal => 470
[2021-02-27 14:37:30.834]:     ... finished loading engine properties
[2021-02-27 14:37:30.834]:     exiting -- org.netbeans.installer.Installer.<init>():103
[2021-02-27 14:37:30.834]:     initializing the local directory
[2021-02-27 14:37:30.834]:         ... custom local directory was not specified, using the default
[2021-02-27 14:37:30.834]:         ... local directory: C:\Users\negis\.nbi
[2021-02-27 14:37:30.834]:     ... finished initializing local directory
[2021-02-27 14:37:30.870]:     entering -- org.netbeans.installer.Installer.<init>():109
[2021-02-27 14:37:30.870]:     ... initializing DownloadManager
[2021-02-27 14:37:30.874]:         file not exist, queue is empty!
[2021-02-27 14:37:30.882]:     ... end of initializing DownloadManager
[2021-02-27 14:37:30.882]:     exiting -- org.netbeans.installer.Installer.<init>():109
[2021-02-27 14:37:30.882]:     entering -- org.netbeans.installer.Installer.<init>():110
[2021-02-27 14:37:30.882]:     ... initializing Registry
[2021-02-27 14:37:30.890]:     ... end of initializing ErrorHandler
[2021-02-27 14:37:30.890]:     exiting -- org.netbeans.installer.Installer.<init>():110
[2021-02-27 14:37:30.890]:     entering -- org.netbeans.installer.Installer.<init>():111
[2021-02-27 14:37:30.890]:     ... initializing Wizard
[2021-02-27 14:37:31.101]:         ... loading registry from resource:data/registry.xml
[2021-02-27 14:37:31.189]:         entering -- org.netbeans.installer.product.Registry.loadProductRegistry():981
[2021-02-27 14:37:31.189]:         validating previous installations
[2021-02-27 14:37:31.189]:         ... validating installations finished
[2021-02-27 14:37:31.189]:         exiting -- org.netbeans.installer.product.Registry.loadProductRegistry():981
[2021-02-27 14:37:31.197]:         Can`t load message in bundle org.netbeans.installer.wizard.components.panels.netbeans.Bundle for key NPrISP.installation.folders using [jdk.internal.loader.ClassLoaders$AppClassLoader@2cdf8d8a] classloader
[2021-02-27 14:37:31.209]:     ... end of initializing Wizard
[2021-02-27 14:37:31.209]:     exiting -- org.netbeans.installer.Installer.<init>():111
[2021-02-27 14:37:31.209]:     creating lock file
[2021-02-27 14:37:31.209]:         ... created lock file: C:\Users\negis\.nbi\.nbilock
[2021-02-27 14:37:31.209]:     finished creating lock file
[2021-02-27 14:37:31.209]: ... finished initializing the engine
[2021-02-27 14:37:31.209]: exiting -- org.netbeans.installer.Installer.main():61
[2021-02-27 14:37:31.209]: entering -- org.netbeans.installer.Installer.main():61
[2021-02-27 14:37:31.209]: starting the installer
[2021-02-27 14:37:31.213]:     ... initializing look and feel
[2021-02-27 14:37:31.213]:         ... custom look and feel class name was not specified, using system default
[2021-02-27 14:37:31.305]:         ... class name: com.sun.java.swing.plaf.windows.WindowsLookAndFeel
[2021-02-27 14:37:31.305]:         ... get installed L&Fs
[2021-02-27 14:37:31.357]:         ... set specified L&F
[2021-02-27 14:37:31.409]:         ... check headless
[2021-02-27 14:37:31.409]:         ... creating JFileChooser object to check possible issues with UI
[2021-02-27 14:37:31.948]:         ... getting default Toolkit to check possible issues with UI
[2021-02-27 14:37:31.948]:         ... creating JProgressBar object to check possible issues with UI
[2021-02-27 14:37:31.952]:         ... all UI checks done
[2021-02-27 14:37:31.952]:         ... L&F is set
[2021-02-27 14:37:31.952]:     ... initializing L&F finished
[2021-02-27 14:37:32.088]:     NameResolver - to parse &Help!
[2021-02-27 14:37:32.092]:     NameResolver - to parse < &Back
[2021-02-27 14:37:32.092]:     NameResolver - to parse &Next >
[2021-02-27 14:37:32.092]:     NameResolver - to parse Cancel
[2021-02-27 14:37:32.092]:     NameResolver - to parse Configuring the Installer...
[2021-02-27 14:37:32.096]:     NameResolver - to parse Configuring the Installer...
[2021-02-27 14:37:32.100]:     NameResolver - to parse Configuring the Installer...
[2021-02-27 14:37:32.100]:     NameResolver - to parse Configuring the Installer...
[2021-02-27 14:37:32.100]:     NameResolver - to parse Please wait while Apache NetBeans IDE installer initializes
[2021-02-27 14:37:32.132]:     NameResolver - to parse Configuring the Installer...
[2021-02-27 14:37:32.136]:     NameResolver - to parse Please wait while Apache NetBeans IDE installer initializes
[2021-02-27 14:37:32.136]: ... finished starting the installer
[2021-02-27 14:37:32.136]: exiting -- org.netbeans.installer.Installer.main():61
[2021-02-27 14:37:32.136]: NameResolver - to parse Configuring the Installer...
[2021-02-27 14:37:32.140]: entering -- org.netbeans.installer.wizard.components.actions.InitializeRegistryAction.execute():53
[2021-02-27 14:37:32.140]: initializing product registry
[2021-02-27 14:37:32.140]:     entering -- org.netbeans.installer.product.Registry.initializeRegistry():170
[2021-02-27 14:37:32.140]:     initializing product registry properties
[2021-02-27 14:37:32.140]:         initializing local product cache directory
[2021-02-27 14:37:32.140]:         ... C:\Users\negis\.nbi\product-cache
[2021-02-27 14:37:32.140]:         initializing local product registry file
[2021-02-27 14:37:32.140]:             ... C:\Users\negis\.nbi\registry.xml
[2021-02-27 14:37:32.140]:             initializing local product registry stub uri
[2021-02-27 14:37:32.140]:             ... resource:org/netbeans/installer/product/default-registry.xml
[2021-02-27 14:37:32.140]:             initializing bundled product registry uri
[2021-02-27 14:37:32.140]:             ... resource:data/registry.xml
[2021-02-27 14:37:32.140]:             initializing product registry schema uri
[2021-02-27 14:37:32.140]:             ... resource:org/netbeans/installer/product/registry.xsd
[2021-02-27 14:37:32.140]:             initializing remote product registries uris
[2021-02-27 14:37:32.140]:             initializing state file schema uri
[2021-02-27 14:37:32.140]:             ... resource:org/netbeans/installer/product/state-file.xsd
[2021-02-27 14:37:32.140]:             initializing default state file uri
[2021-02-27 14:37:32.140]:             ... resource:org/netbeans/installer/product/default-state-file.xml
[2021-02-27 14:37:32.140]:             initializing target platform
[2021-02-27 14:37:32.140]:             ... windows-x64
[2021-02-27 14:37:32.140]:     initializing product registry properties
[2021-02-27 14:37:32.140]:     exiting -- org.netbeans.installer.product.Registry.initializeRegistry():170
[2021-02-27 14:37:32.144]:     ... loading registry from file:/C:/Users/negis/.nbi/registry.xml
[2021-02-27 14:37:32.164]:     entering -- org.netbeans.installer.product.Registry.loadProductRegistry():981
[2021-02-27 14:37:32.164]:     validating previous installations
[2021-02-27 14:37:32.164]:     ... validating installations finished
[2021-02-27 14:37:32.164]:     exiting -- org.netbeans.installer.product.Registry.loadProductRegistry():981
[2021-02-27 14:37:32.164]:     ... loading registry from resource:data/registry.xml
[2021-02-27 14:37:32.204]:     entering -- org.netbeans.installer.product.Registry.loadProductRegistry():981
[2021-02-27 14:37:32.208]:     validating previous installations
[2021-02-27 14:37:32.208]:     ... validating installations finished
[2021-02-27 14:37:32.208]:     exiting -- org.netbeans.installer.product.Registry.loadProductRegistry():981
[2021-02-27 14:37:32.208]: ... product registry initialization complete
[2021-02-27 14:37:32.208]: exiting -- org.netbeans.installer.wizard.components.actions.InitializeRegistryAction.execute():53
[2021-02-27 14:37:32.208]: NameResolver - to parse Extracting configuration logic for {0}
[2021-02-27 14:37:32.419]: NameResolver - to parse Extracting configuration logic for {0}
[2021-02-27 14:37:32.624]: NameResolver - to parse Extracting configuration logic for {0}
[2021-02-27 14:37:32.831]: NameResolver - to parse Extracting configuration logic for {0}
[2021-02-27 14:37:33.040]: NameResolver - to parse Extracting configuration logic for {0}
[2021-02-27 14:37:33.246]: NameResolver - to parse Extracting configuration logic for {0}
[2021-02-27 14:37:33.489]: entering -- org.netbeans.installer.wizard.components.actions.netbeans.NbInitializationAction.execute():116
[2021-02-27 14:37:33.489]: search for all java locations
[2021-02-27 14:37:33.690]:     checking for possible java locations in windows registry
[2021-02-27 14:37:33.690]:         ... alternative registry view is also supported
[2021-02-27 14:37:33.690]:     ... finished
[2021-02-27 14:37:33.690]:     checking for possible java locations in environment
[2021-02-27 14:37:33.690]:         found: JAVA_HOME = C:\Program Files\Java\jdk-11.0.10
[2021-02-27 14:37:33.690]:     ... finished
[2021-02-27 14:37:33.690]:     NameResolver - to parse $S{java.home}
[2021-02-27 14:37:33.694]:     NameResolver - to parse $S{java.home}/..
[2021-02-27 14:37:33.694]:     NameResolver - to parse $N{install}
[2021-02-27 14:37:33.694]:           --- parsed to C:\Program Files
[2021-02-27 14:37:33.694]:     NameResolver - to parse $N{install}/Java
[2021-02-27 14:37:33.694]:           --- parsed to C:\Program Files/Java
[2021-02-27 14:37:33.694]:     investigating java home candidate: C:\Program Files\Java\jdk-11.0.10
[2021-02-27 14:37:33.698]:         executing command: C:\Program Files\Java\jdk-11.0.10\bin\java.exe -classpath C:\Users\negis\.nbi\tmp TestJDK, in directory: .
[2021-02-27 14:37:33.914]:             [stdout]: 11.0.10
[2021-02-27 14:37:33.914]:             [stdout]: 11.0.10+8-LTS-162
[2021-02-27 14:37:33.914]:             [stdout]: Oracle Corporation
[2021-02-27 14:37:33.914]:             [stdout]: Windows 10
[2021-02-27 14:37:33.914]:             [stdout]: amd64
[2021-02-27 14:37:33.914]:             [return]: 0
[2021-02-27 14:37:33.914]:         ... command execution finished
[2021-02-27 14:37:33.914]:         ... java.version    = 11.0.10
[2021-02-27 14:37:33.914]:         ... java.vm.version = 11.0.10+8-LTS-162
[2021-02-27 14:37:33.914]:         ... java.vendor     = Oracle Corporation
[2021-02-27 14:37:33.914]:         ... os.name         = Windows 10
[2021-02-27 14:37:33.914]:         ... os.arch         = amd64
[2021-02-27 14:37:33.918]:         ... version string : 11.0.10+8-LTS-162
[2021-02-27 14:37:33.918]:         ... put jdk info to the Java map
[2021-02-27 14:37:33.918]:     ... parsed java: 11.0.10.0.0 by Oracle Corporation; final=true
[2021-02-27 14:37:33.924]:     investigating java home candidate: C:\Program Files\Java\jdk-11.0.10
[2021-02-27 14:37:33.924]:     ... parsed java: 11.0.10.0.0 by Oracle Corporation; final=true
[2021-02-27 14:37:33.930]:     investigating java home candidate: C:\Program Files\Java\jdk-11.0.10\bin
[2021-02-27 14:37:33.937]:     investigating java home candidate: C:\Program Files\Java\jdk-11.0.10\conf
[2021-02-27 14:37:33.944]:     investigating java home candidate: C:\Program Files\Java\jdk-11.0.10\include
[2021-02-27 14:37:33.951]:     investigating java home candidate: C:\Program Files\Java\jdk-11.0.10\jmods
[2021-02-27 14:37:33.962]:     investigating java home candidate: C:\Program Files\Java\jdk-11.0.10\legal
[2021-02-27 14:37:33.971]:     investigating java home candidate: C:\Program Files\Java\jdk-11.0.10\lib
[2021-02-27 14:37:33.979]:     investigating java home candidate: C:\Program Files\Java
[2021-02-27 14:37:33.986]:     investigating java home candidate: C:\Program Files\Java\jdk-11.0.10
[2021-02-27 14:37:33.986]:     ... parsed java: 11.0.10.0.0 by Oracle Corporation; final=true
[2021-02-27 14:37:33.993]:     investigating java home candidate: C:\Program Files
[2021-02-27 14:37:34.000]:     investigating java home candidate: C:\Program Files\Common Files
[2021-02-27 14:37:34.007]:     investigating java home candidate: C:\Program Files\Git
[2021-02-27 14:37:34.013]:     investigating java home candidate: C:\Program Files\Internet Explorer
[2021-02-27 14:37:34.019]:     investigating java home candidate: C:\Program Files\Java
[2021-02-27 14:37:34.026]:     investigating java home candidate: C:\Program Files\Microsoft Office
[2021-02-27 14:37:34.033]:     investigating java home candidate: C:\Program Files\Microsoft Office 15
[2021-02-27 14:37:34.041]:     investigating java home candidate: C:\Program Files\Microsoft Update Health Tools
[2021-02-27 14:37:34.048]:     investigating java home candidate: C:\Program Files\ModifiableWindowsApps
[2021-02-27 14:37:34.055]:     investigating java home candidate: C:\Program Files\NetBeans-12.0
[2021-02-27 14:37:34.061]:     investigating java home candidate: C:\Program Files\NVIDIA Corporation
[2021-02-27 14:37:34.067]:     investigating java home candidate: C:\Program Files\Riot Vanguard
[2021-02-27 14:37:34.073]:     investigating java home candidate: C:\Program Files\Uninstall Information
[2021-02-27 14:37:34.079]:     investigating java home candidate: C:\Program Files\Windows Defender
[2021-02-27 14:37:34.084]:     investigating java home candidate: C:\Program Files\Windows Mail
[2021-02-27 14:37:34.091]:     investigating java home candidate: C:\Program Files\Windows Media Player
[2021-02-27 14:37:34.096]:     investigating java home candidate: C:\Program Files\Windows Multimedia Platform
[2021-02-27 14:37:34.103]:     investigating java home candidate: C:\Program Files\Windows NT
[2021-02-27 14:37:34.109]:     investigating java home candidate: C:\Program Files\Windows Photo Viewer
[2021-02-27 14:37:34.115]:     investigating java home candidate: C:\Program Files\Windows Portable Devices
[2021-02-27 14:37:34.121]:     investigating java home candidate: C:\Program Files\Windows Security
[2021-02-27 14:37:34.127]:     investigating java home candidate: C:\Program Files\Windows Sidebar
[2021-02-27 14:37:34.133]:     investigating java home candidate: C:\Program Files\WindowsApps
[2021-02-27 14:37:34.139]:     investigating java home candidate: C:\Program Files\WindowsPowerShell
[2021-02-27 14:37:34.145]:     investigating java home candidate: C:\Program Files\Java
[2021-02-27 14:37:34.151]:     investigating java home candidate: C:\Program Files\Java\jdk-11.0.10
[2021-02-27 14:37:34.151]:     ... parsed java: 11.0.10.0.0 by Oracle Corporation; final=true
[2021-02-27 14:37:34.362]: ... end of search for all java locations
[2021-02-27 14:37:34.362]: exiting -- org.netbeans.installer.wizard.components.actions.netbeans.NbInitializationAction.execute():116
[2021-02-27 14:37:34.362]: ... bundledProductSkip = null
[2021-02-27 14:37:34.362]: ... bundledProductToInstall = null
[2021-02-27 14:37:34.382]: NameResolver - to parse resource:org/netbeans/installer/wizard/components/panels/netbeans/resources/welcome-left-bottom.png
[2021-02-27 14:37:34.393]: NameResolver - to parse &Help!
[2021-02-27 14:37:34.393]: NameResolver - to parse < &Back
[2021-02-27 14:37:34.393]: NameResolver - to parse &Next >
[2021-02-27 14:37:34.393]: NameResolver - to parse Cancel
[2021-02-27 14:37:34.393]: NameResolver - to parse <html><h2 style="color: #FF8E00; bold">Welcome to the Apache NetBeans IDE 12.0 Installer</h2>
[2021-02-27 14:37:34.393]: NameResolver - to parse </html>
[2021-02-27 14:37:34.393]: NameResolver - to parse text/html
[2021-02-27 14:37:34.437]: NameResolver - to parse <html>
[2021-02-27 14:37:34.437]: NameResolver - to parse The installer will install the NetBeans IDE with the following packs and runtimes.<br>Click Customize to select the packs and runtimes to install.<br><br>
[2021-02-27 14:37:34.437]: NameResolver - to parse text/html
[2021-02-27 14:37:34.441]: NameResolver - to parse <html>
[2021-02-27 14:37:34.445]: NameResolver - to parse {0}<br>
[2021-02-27 14:37:34.445]: NameResolver - to parse {0}<br>
[2021-02-27 14:37:34.445]: NameResolver - to parse {0}<br>
[2021-02-27 14:37:34.445]: NameResolver - to parse {0}<br>
[2021-02-27 14:37:34.445]: NameResolver - to parse {0}<br>
[2021-02-27 14:37:34.445]: NameResolver - to parse </html>
[2021-02-27 14:37:34.445]: NameResolver - to parse text/html
[2021-02-27 14:37:34.451]: NameResolver - to parse &Customize...
[2021-02-27 14:37:34.455]: NameResolver - to parse Installation Size: {0}
[2021-02-27 14:37:34.459]: NameResolver - to parse Insufficient disk space for extracting the installation data. Additional {1} is required in {0}.
[2021-02-27 14:37:34.459]: NameResolver - to parse $N{install}/NetBeans-12.0
[2021-02-27 14:37:34.459]:       --- parsed to C:\Program Files/NetBeans-12.0
[2021-02-27 14:37:34.463]: NameResolver - to parse 1.8.0.0.0
[2021-02-27 14:37:34.463]: NameResolver - to parse 500.0.0
[2021-02-27 14:37:34.463]: NameResolver - to parse .*
[2021-02-27 14:37:34.463]: NameResolver - to parse false
[2021-02-27 14:37:34.467]: NameResolver - to parse false
[2021-02-27 14:37:34.467]: ... loading registry from resource:data/registry.xml
[2021-02-27 14:37:34.495]: entering -- org.netbeans.installer.product.Registry.loadProductRegistry():981
[2021-02-27 14:37:34.495]: validating previous installations
[2021-02-27 14:37:34.495]: ... validating installations finished
[2021-02-27 14:37:34.495]: exiting -- org.netbeans.installer.product.Registry.loadProductRegistry():981
[2021-02-27 14:37:34.495]: NameResolver - to parse false
[2021-02-27 14:37:34.495]: ... use Java from the first item in the overall list: C:\Program Files\Java\jdk-11.0.10
[2021-02-27 14:37:34.495]: ... use Java that is already selected for the product: C:\Program Files\Java\jdk-11.0.10
[2021-02-27 14:37:34.495]: NameResolver - to parse Insufficient disk space for extracting the installation data. Additional {1} is required in {0}.
[2021-02-27 14:37:34.519]: NameResolver - to parse <dummy description>
[2021-02-27 14:37:35.850]: NameResolver - to parse Insufficient disk space for extracting the installation data. Additional {1} is required in {0}.
[2021-02-27 14:37:35.858]: NameResolver - to parse &Help!
[2021-02-27 14:37:35.858]: NameResolver - to parse < &Back
[2021-02-27 14:37:35.858]: NameResolver - to parse &Next >
[2021-02-27 14:37:35.862]: NameResolver - to parse Cancel
[2021-02-27 14:37:35.862]: NameResolver - to parse I &accept the terms in the license agreement
[2021-02-27 14:37:35.862]: NameResolver - to parse org/netbeans/installer/product/components/netbeans-license.txt
[2021-02-27 14:37:35.862]: NameResolver - to parse $R{org/netbeans/installer/product/components/netbeans-license.txt;UTF-8}
[2021-02-27 14:37:35.866]: NameResolver - to parse {0}
[2021-02-27 14:37:35.918]: NameResolver - to parse License Agreement
[2021-02-27 14:37:35.918]: NameResolver - to parse License Agreement
[2021-02-27 14:37:35.918]: NameResolver - to parse License Agreement
[2021-02-27 14:37:35.918]: NameResolver - to parse License Agreement
[2021-02-27 14:37:35.918]: NameResolver - to parse Please read the following license agreement carefully.
[2021-02-27 14:37:36.046]: NameResolver - to parse License Agreement
[2021-02-27 14:37:36.046]: NameResolver - to parse Please read the following license agreement carefully.
[2021-02-27 14:37:38.186]: NameResolver - to parse C:\Program Files\NetBeans-12.0
[2021-02-27 14:37:38.186]: NameResolver - to parse 1.8.0.0.0
[2021-02-27 14:37:38.186]: NameResolver - to parse 500.0.0
[2021-02-27 14:37:38.186]: NameResolver - to parse .*
[2021-02-27 14:37:38.186]: NameResolver - to parse false
[2021-02-27 14:37:38.186]: NameResolver - to parse false
[2021-02-27 14:37:38.186]: ... use Java that is already selected for the product: C:\Program Files\Java\jdk-11.0.10
[2021-02-27 14:37:38.362]: NameResolver - to parse &Help!
[2021-02-27 14:37:38.362]: NameResolver - to parse < &Back
[2021-02-27 14:37:38.366]: NameResolver - to parse &Next >
[2021-02-27 14:37:38.366]: NameResolver - to parse Cancel
[2021-02-27 14:37:38.366]: NameResolver - to parse &JDK™ for the Apache NetBeans IDE:
[2021-02-27 14:37:38.370]: NameResolver - to parse The installation folder cannot be empty.
[2021-02-27 14:37:38.370]: ... use Java that is already selected for the product: C:\Program Files\Java\jdk-11.0.10
[2021-02-27 14:37:38.370]: NameResolver - to parse The installation folder cannot be empty.
[2021-02-27 14:37:38.370]: NameResolver - to parse Br&owse...
[2021-02-27 14:37:38.370]: NameResolver - to parse &Install the Apache NetBeans IDE to:
[2021-02-27 14:37:38.370]: NameResolver - to parse B&rowse...
[2021-02-27 14:37:38.374]: NameResolver - to parse The specified installation folder is not empty.
[2021-02-27 14:37:38.374]: NameResolver - to parse The specified installation folder is not empty.
[2021-02-27 14:37:38.374]: NameResolver - to parse Apache NetBeans IDE 12.0 Installation
[2021-02-27 14:37:38.374]: NameResolver - to parse Apache NetBeans IDE 12.0 Installation
[2021-02-27 14:37:38.378]: NameResolver - to parse Apache NetBeans IDE 12.0 Installation
[2021-02-27 14:37:38.378]: NameResolver - to parse Apache NetBeans IDE 12.0 Installation
[2021-02-27 14:37:38.378]: NameResolver - to parse Choose the installation folder and JDK™.
[2021-02-27 14:37:38.378]: NameResolver - to parse The specified installation folder is not empty.
[2021-02-27 14:37:38.394]: NameResolver - to parse Apache NetBeans IDE 12.0 Installation
[2021-02-27 14:37:38.394]: NameResolver - to parse Choose the installation folder and JDK™.
[2021-02-27 14:37:40.384]: NameResolver - to parse The specified installation folder is not empty.
[2021-02-27 14:37:42.389]: NameResolver - to parse The specified installation folder is not empty.
[2021-02-27 14:37:44.130]: NameResolver - to parse Cancel
[2021-02-27 14:37:44.130]: NameResolver - to parse Are you sure you want to cancel?
[2021-02-27 14:37:44.130]: ... showing Yes/No dialog
[2021-02-27 14:37:44.130]:     title: Cancel
[2021-02-27 14:37:44.130]:     message: Are you sure you want to cancel?
[2021-02-27 14:37:47.016]: ... dialog closed, choice : yes
